0 info it worked if it ends with ok
1 verbose cli [ '/home/bruce/.nvm/v0.10.38/bin/node',
1 verbose cli   '/home/bruce/.nvm/v0.10.38/bin/npm',
1 verbose cli   'run',
1 verbose cli   'build' ]
2 info using npm@1.4.28
3 info using node@v0.10.38
4 verbose run-script [ 'prebuild', 'build', 'postbuild' ]
5 info prebuild monkeydance@0.0.1
6 verbose unsafe-perm in lifecycle true
7 info build monkeydance@0.0.1
8 verbose unsafe-perm in lifecycle true
9 info monkeydance@0.0.1 Failed to exec build script
10 error monkeydance@0.0.1 build: `cat web/src/ezgui/EZGUI.js LF web/src/localstoragedb/localstoragedb.min.js LF web/src/chromestoragedb/chromestoragedb.js LF web/src/howler.js/howler.min.js LF web/src/pixi.js/pixi.min.js LF web/src/tween.ts/tween.min.js LF web/src/entitas/entitas.min.js LF web/src/stats.js/stats.min.js LF web/src/bosco/bosco.js LF web/src/monkeydance/generatedComponents.js LF web/src/monkeydance/generatedExtensions.js LF web/src/monkeydance/systems/AddViewSystem.js LF web/src/monkeydance/systems/DestroySystem.js LF web/src/monkeydance/systems/ProcessInputSystem.js LF web/src/monkeydance/systems/RemoveViewSystem.js LF web/src/monkeydance/systems/RenderPositionSystem.js LF web/src/monkeydance/systems/ScoreSystem.js LF web/src/monkeydance/systems/AddViewSystem.js LF web/src/monkeydance/systems/RemoveViewSystem.js LF web/src/monkeydance/controllers/GameController.js LF web/src/monkeydance/controllers/InputController.js LF web/src/monkeydance/controllers/ScoreLabelController.js LF web/main.js > build/monkeydance.js  && cat web/src/ezgui/EZGUI.js LF web/src/localstoragedb/localstoragedb.min.js LF web/src/chromestoragedb/chromestoragedb.js LF web/src/howler.js/howler.min.js LF web/src/pixi.js/pixi.min.js LF web/src/tween.ts/tween.min.js LF web/src/entitas/entitas.min.js LF web/src/stats.js/stats.min.js LF web/src/bosco/bosco.js LF web/src/monkeydance/generatedComponents.js LF web/src/monkeydance/generatedExtensions.js LF web/src/monkeydance/systems/AddViewSystem.js LF web/src/monkeydance/systems/DestroySystem.js LF web/src/monkeydance/systems/ProcessInputSystem.js LF web/src/monkeydance/systems/RemoveViewSystem.js LF web/src/monkeydance/systems/RenderPositionSystem.js LF web/src/monkeydance/systems/ScoreSystem.js LF web/src/monkeydance/systems/AddViewSystem.js LF web/src/monkeydance/systems/RemoveViewSystem.js LF web/src/monkeydance/controllers/GameController.js LF web/src/monkeydance/controllers/InputController.js LF web/src/monkeydance/controllers/ScoreLabelController.js LF web/main.js | java -jar packages/closure-compiler/lib/vendor/compiler.jar --compilation_level WHITESPACE_ONLY --js_output_file build/monkeydance.min.js`
10 error Exit status 1
11 error Failed at the monkeydance@0.0.1 build script.
11 error This is most likely a problem with the monkeydance package,
11 error not with npm itself.
11 error Tell the author that this fails on your system:
11 error     cat web/src/ezgui/EZGUI.js LF web/src/localstoragedb/localstoragedb.min.js LF web/src/chromestoragedb/chromestoragedb.js LF web/src/howler.js/howler.min.js LF web/src/pixi.js/pixi.min.js LF web/src/tween.ts/tween.min.js LF web/src/entitas/entitas.min.js LF web/src/stats.js/stats.min.js LF web/src/bosco/bosco.js LF web/src/monkeydance/generatedComponents.js LF web/src/monkeydance/generatedExtensions.js LF web/src/monkeydance/systems/AddViewSystem.js LF web/src/monkeydance/systems/DestroySystem.js LF web/src/monkeydance/systems/ProcessInputSystem.js LF web/src/monkeydance/systems/RemoveViewSystem.js LF web/src/monkeydance/systems/RenderPositionSystem.js LF web/src/monkeydance/systems/ScoreSystem.js LF web/src/monkeydance/systems/AddViewSystem.js LF web/src/monkeydance/systems/RemoveViewSystem.js LF web/src/monkeydance/controllers/GameController.js LF web/src/monkeydance/controllers/InputController.js LF web/src/monkeydance/controllers/ScoreLabelController.js LF web/main.js > build/monkeydance.js  && cat web/src/ezgui/EZGUI.js LF web/src/localstoragedb/localstoragedb.min.js LF web/src/chromestoragedb/chromestoragedb.js LF web/src/howler.js/howler.min.js LF web/src/pixi.js/pixi.min.js LF web/src/tween.ts/tween.min.js LF web/src/entitas/entitas.min.js LF web/src/stats.js/stats.min.js LF web/src/bosco/bosco.js LF web/src/monkeydance/generatedComponents.js LF web/src/monkeydance/generatedExtensions.js LF web/src/monkeydance/systems/AddViewSystem.js LF web/src/monkeydance/systems/DestroySystem.js LF web/src/monkeydance/systems/ProcessInputSystem.js LF web/src/monkeydance/systems/RemoveViewSystem.js LF web/src/monkeydance/systems/RenderPositionSystem.js LF web/src/monkeydance/systems/ScoreSystem.js LF web/src/monkeydance/systems/AddViewSystem.js LF web/src/monkeydance/systems/RemoveViewSystem.js LF web/src/monkeydance/controllers/GameController.js LF web/src/monkeydance/controllers/InputController.js LF web/src/monkeydance/controllers/ScoreLabelController.js LF web/main.js | java -jar packages/closure-compiler/lib/vendor/compiler.jar --compilation_level WHITESPACE_ONLY --js_output_file build/monkeydance.min.js
11 error You can get their info via:
11 error     npm owner ls monkeydance
11 error There is likely additional logging output above.
12 error System Linux 3.13.0-24-generic
13 error command "/home/bruce/.nvm/v0.10.38/bin/node" "/home/bruce/.nvm/v0.10.38/bin/npm" "run" "build"
14 error cwd /home/bruce/Git/monkeydance
15 error node -v v0.10.38
16 error npm -v 1.4.28
17 error code ELIFECYCLE
18 verbose exit [ 1, true ]
